<?xml version="1.0" encoding="utf-8"?><testsuites name="pytest tests"><testsuite name="pytest" errors="0" failures="0" skipped="1" tests="23" time="3.163" timestamp="2026-09-11T19:40:50.051883+00:00" hostname="agent-env-9fc2e04e-13e7-4b35-9244-662f846ee2ab"><testcase classname="tests.test_refugio_api.TestAuth" name="test_register_lgpd_false_400" time="0.215" /><testcase classname="tests.test_refugio_api.TestAuth" name="test_register_ok" time="0.200" /><testcase classname="tests.test_refugio_api.TestAuth" name="test_register_duplicate_409" time="0.238" /><testcase classname="tests.test_refugio_api.TestAuth" name="test_login_wrong_password_401" time="0.280" /><testcase classname="tests.test_refugio_api.TestAppointments" name="test_create_ok" time="0.914" /><testcase classname="tests.test_refugio_api.TestAppointments" name="test_duplicate_slot_409" time="0.171" /><testcase classname="tests.test_refugio_api.TestAuth" name="test_login_ok" time="0.271" /><testcase classname="tests.test_refugio_api.TestAppointments" name="test_past_400" time="0.180" /><testcase classname="tests.test_refugio_api.TestAuth" name="test_forgot_always_200" time="0.135" /><testcase classname="tests.test_refugio_api.TestAppointments" name="test_list_upcoming" time="0.154" /><testcase classname="tests.test_refugio_api.TestAuth" name="test_me_requires_bearer" time="0.142" /><testcase classname="tests.test_refugio_api.TestAppointments" name="test_reschedule_future" time="0.134" /><testcase classname="tests.test_refugio_api.TestAuth" name="test_me_ok" time="0.183" /><testcase classname="tests.test_refugio_api.TestAppointments" name="test_cancel_future" time="0.142" /><testcase classname="tests.test_refugio_api.TestAuth" name="test_patch_me" time="0.180" /><testcase classname="tests.test_refugio_api.TestAppointments" name="test_cancel_within_24h_400" time="0.000"><skipped type="pytest.skip" message="outside business hours for &lt;24h test">/app/backend/tests/test_refugio_api.py:182: outside business hours for &lt;24h test</skipped></testcase><testcase classname="tests.test_refugio_api.TestAvailability" name="test_20_slots" time="0.153" /><testcase classname="tests.test_refugio_api.TestCatalog" name="test_services_returns_12" time="0.157" /><testcase classname="tests.test_refugio_api.TestCatalog" name="test_services_by_category[Cabelo]" time="0.182" /><testcase classname="tests.test_refugio_api.TestCatalog" name="test_services_by_category[Unhas]" time="0.240" /><testcase classname="tests.test_refugio_api.TestCatalog" name="test_services_by_category[Depila\xe7\xe3o]" time="0.123" /><testcase classname="tests.test_refugio_api.TestCatalog" name="test_services_featured" time="0.122" /><testcase classname="tests.test_refugio_api.TestCatalog" name="test_professionals_4" time="0.161" /></testsuite></testsuites>